[      41ms] [VERBOSE] [DOM] Input elements should have autocomplete attributes (suggested: "current-password"): (More info: https://goo.gl/9p2vKq) %o @ http://localhost:3000/login:0
[      66ms] [INFO] %cDownload the React DevTools for a better development experience: https://react.dev/link/react-devtools font-weight:bold @ http://localhost:3000/_next/static/chunks/063q_next_dist_0cr2any._.js:2477
[      75ms] [LOG] [HMR] connected @ http://localhost:3000/_next/static/chunks/063q_next_dist_0cr2any._.js:2477
[    7058ms] [ERROR] Failed to load resource: the server responded with a status of 401 (Unauthorized) @ http://localhost:3000/api/users:0
[    7078ms] [ERROR] Failed to load resource: the server responded with a status of 401 (Unauthorized) @ http://localhost:3000/api/users:0
[    8109ms] [ERROR] Failed to load resource: the server responded with a status of 401 (Unauthorized) @ http://localhost:3000/api/admin/stats:0
[    8124ms] [ERROR] Failed to load resource: the server responded with a status of 401 (Unauthorized) @ http://localhost:3000/api/admin/stats:0
[   22039ms] [LOG] [Fast Refresh] rebuilding @ http://localhost:3000/_next/static/chunks/063q_next_dist_0cr2any._.js:2477
[   22287ms] [LOG] [Fast Refresh] done in 52ms @ http://localhost:3000/_next/static/chunks/063q_next_dist_0cr2any._.js:2477
[   22406ms] [LOG] [Fast Refresh] rebuilding @ http://localhost:3000/_next/static/chunks/063q_next_dist_0cr2any._.js:2477
[   22655ms] [LOG] [Fast Refresh] done in 349ms @ http://localhost:3000/_next/static/chunks/063q_next_dist_0cr2any._.js:2477
[   22662ms] [ERROR] Failed to load resource: the server responded with a status of 401 (Unauthorized) @ http://localhost:3000/api/admin/stats:0
[   26320ms] [LOG] [HMR] connected @ http://localhost:3000/_next/static/chunks/063q_next_dist_0cr2any._.js:2477
[   26595ms] [INFO] %cDownload the React DevTools for a better development experience: https://react.dev/link/react-devtools font-weight:bold @ http://localhost:3000/_next/static/chunks/063q_next_dist_0cr2any._.js:2477
[   26611ms] [LOG] [HMR] connected @ http://localhost:3000/_next/static/chunks/063q_next_dist_0cr2any._.js:2477
[   26747ms] [LOG] [Fast Refresh] rebuilding @ http://localhost:3000/_next/static/chunks/063q_next_dist_0cr2any._.js:2477
[   26800ms] [LOG] [Fast Refresh] done in 152ms @ http://localhost:3000/_next/static/chunks/063q_next_dist_0cr2any._.js:2477
[   27301ms] [ERROR] Failed to load resource: the server responded with a status of 500 (Internal Server Error) @ http://localhost:3000/api/me:0
[   27349ms] [ERROR] Failed to load resource: the server responded with a status of 500 (Internal Server Error) @ http://localhost:3000/api/navigation:0
[   27350ms] [ERROR] Error fetching navigation: Error: Failed to fetch navigation
    at NavigationProvider.useEffect.fetchNavigation (http://localhost:3000/_next/static/chunks/web_0x.gdff._.js:297:49) @ http://localhost:3000/_next/static/chunks/063q_next_dist_0cr2any._.js:3318
[   27497ms] [VERBOSE] [DOM] Input elements should have autocomplete attributes (suggested: "current-password"): (More info: https://goo.gl/9p2vKq) %o @ http://localhost:3000/login:0
[   50524ms] [ERROR] WebSocket connection to 'ws://localhost:3000/_next/webpack-hmr?id=pI18-C_VWsNgAKR1BYMLH' failed: Error in connection establishment: net::ERR_CONNECTION_REFUSED @ http://localhost:3000/_next/static/chunks/063q_next_dist_client_106e~1o._.js:13322
[   51525ms] [ERROR] WebSocket connection to 'ws://localhost:3000/_next/webpack-hmr?id=pI18-C_VWsNgAKR1BYMLH' failed: Error in connection establishment: net::ERR_CONNECTION_REFUSED @ http://localhost:3000/_next/static/chunks/063q_next_dist_client_106e~1o._.js:13322
[   52529ms] [LOG] [HMR] connected @ http://localhost:3000/_next/static/chunks/063q_next_dist_0cr2any._.js:2477
[   52741ms] [VERBOSE] [DOM] Input elements should have autocomplete attributes (suggested: "current-password"): (More info: https://goo.gl/9p2vKq) %o @ http://localhost:3000/login:0
[   52762ms] [INFO] %cDownload the React DevTools for a better development experience: https://react.dev/link/react-devtools font-weight:bold @ http://localhost:3000/_next/static/chunks/063q_next_dist_0cr2any._.js:2477
[   52775ms] [LOG] [HMR] connected @ http://localhost:3000/_next/static/chunks/063q_next_dist_0cr2any._.js:2477
[   53357ms] [ERROR] Failed to load resource: the server responded with a status of 500 (Internal Server Error) @ http://localhost:3000/api/navigation:0
[   53357ms] [ERROR] Error fetching navigation: Error: Failed to fetch navigation
    at NavigationProvider.useEffect.fetchNavigation (http://localhost:3000/_next/static/chunks/web_0x.gdff._.js:297:49) @ http://localhost:3000/_next/static/chunks/063q_next_dist_0cr2any._.js:3318
[   53407ms] [ERROR] Failed to load resource: the server responded with a status of 500 (Internal Server Error) @ http://localhost:3000/api/me:0
[   64703ms] [LOG] [Fast Refresh] rebuilding @ http://localhost:3000/_next/static/chunks/063q_next_dist_0cr2any._.js:2477
[   64803ms] [LOG] [Fast Refresh] done in 200ms @ http://localhost:3000/_next/static/chunks/063q_next_dist_0cr2any._.js:2477
[  175646ms] [ERROR] WebSocket connection to 'ws://localhost:3000/_next/webpack-hmr?id=4GWdaxmB_VkSkj4XEWQoW' failed: Error in connection establishment: net::ERR_CONNECTION_REFUSED @ http://localhost:3000/_next/static/chunks/063q_next_dist_client_106e~1o._.js:13322
[  176972ms] [ERROR] WebSocket connection to 'ws://localhost:3000/_next/webpack-hmr?id=4GWdaxmB_VkSkj4XEWQoW' failed: Connection closed before receiving a handshake response @ http://localhost:3000/_next/static/chunks/063q_next_dist_client_106e~1o._.js:13322
[  177974ms] [ERROR] WebSocket connection to 'ws://localhost:3000/_next/webpack-hmr?id=4GWdaxmB_VkSkj4XEWQoW' failed: Error in connection establishment: net::ERR_CONNECTION_REFUSED @ http://localhost:3000/_next/static/chunks/063q_next_dist_client_106e~1o._.js:13322
[  178976ms] [ERROR] WebSocket connection to 'ws://localhost:3000/_next/webpack-hmr?id=4GWdaxmB_VkSkj4XEWQoW' failed: Error in connection establishment: net::ERR_CONNECTION_REFUSED @ http://localhost:3000/_next/static/chunks/063q_next_dist_client_106e~1o._.js:13322
[  179977ms] [ERROR] WebSocket connection to 'ws://localhost:3000/_next/webpack-hmr?id=4GWdaxmB_VkSkj4XEWQoW' failed: Error in connection establishment: net::ERR_CONNECTION_REFUSED @ http://localhost:3000/_next/static/chunks/063q_next_dist_client_106e~1o._.js:13322
[  184979ms] [ERROR] WebSocket connection to 'ws://localhost:3000/_next/webpack-hmr?id=4GWdaxmB_VkSkj4XEWQoW' failed: Error in connection establishment: net::ERR_CONNECTION_REFUSED @ http://localhost:3000/_next/static/chunks/063q_next_dist_client_106e~1o._.js:13322
[  189980ms] [ERROR] WebSocket connection to 'ws://localhost:3000/_next/webpack-hmr?id=4GWdaxmB_VkSkj4XEWQoW' failed: Error in connection establishment: net::ERR_CONNECTION_REFUSED @ http://localhost:3000/_next/static/chunks/063q_next_dist_client_106e~1o._.js:13322
[  194982ms] [ERROR] WebSocket connection to 'ws://localhost:3000/_next/webpack-hmr?id=4GWdaxmB_VkSkj4XEWQoW' failed: Error in connection establishment: net::ERR_CONNECTION_REFUSED @ http://localhost:3000/_next/static/chunks/063q_next_dist_client_106e~1o._.js:13322
[  199983ms] [ERROR] WebSocket connection to 'ws://localhost:3000/_next/webpack-hmr?id=4GWdaxmB_VkSkj4XEWQoW' failed: Error in connection establishment: net::ERR_CONNECTION_REFUSED @ http://localhost:3000/_next/static/chunks/063q_next_dist_client_106e~1o._.js:13322
[  204985ms] [ERROR] WebSocket connection to 'ws://localhost:3000/_next/webpack-hmr?id=4GWdaxmB_VkSkj4XEWQoW' failed: Error in connection establishment: net::ERR_CONNECTION_REFUSED @ http://localhost:3000/_next/static/chunks/063q_next_dist_client_106e~1o._.js:13322
[  209989ms] [LOG] [HMR] connected @ http://localhost:3000/_next/static/chunks/063q_next_dist_0cr2any._.js:2477
[  212398ms] [VERBOSE] [DOM] Input elements should have autocomplete attributes (suggested: "current-password"): (More info: https://goo.gl/9p2vKq) %o @ http://localhost:3000/login:0
[  212430ms] [INFO] %cDownload the React DevTools for a better development experience: https://react.dev/link/react-devtools font-weight:bold @ http://localhost:3000/_next/static/chunks/063q_next_dist_0cr2any._.js:2477
[  212440ms] [LOG] [HMR] connected @ http://localhost:3000/_next/static/chunks/063q_next_dist_0cr2any._.js:2477
[  212562ms] [LOG] [Fast Refresh] rebuilding @ http://localhost:3000/_next/static/chunks/063q_next_dist_0cr2any._.js:2477
[  212604ms] [LOG] [Fast Refresh] done in 142ms @ http://localhost:3000/_next/static/chunks/063q_next_dist_0cr2any._.js:2477
[  212975ms] [ERROR] Failed to load resource: net::ERR_CONTENT_DECODING_FAILED @ http://localhost:3000/api/navigation:0
[  212977ms] [ERROR] Error fetching navigation: TypeError: Failed to fetch
    at NavigationProvider.useEffect.fetchNavigation (http://localhost:3000/_next/static/chunks/web_0x.gdff._.js:298:53) @ http://localhost:3000/_next/static/chunks/063q_next_dist_0cr2any._.js:3318
