[      22ms] [ERROR] Failed to load resource: the server responded with a status of 500 (Internal Server Error) @ http://localhost:3000/dashboard:0
[      56ms] [INFO] %cDownload the React DevTools for a better development experience: https://react.dev/link/react-devtools font-weight:bold @ http://localhost:3000/_next/static/chunks/node_modules_react-dom_0bruynb._.js:15305
[      71ms] Error: ./app/(protected)/admin/admin-navigation-registrar.tsx:3:1
Export IconOrganization doesn't exist in target module
   1 | 'use client';
   2 |
>  3 | import {
     | ^^^^^^^
>  4 |   IconDashboard,
     | ^^^^^^^^^^^^^^^^
>  5 |   IconUsers,
     | ^^^^^^^^^^^^
>  6 |   IconLock,
     | ^^^^^^^^^^^
>  7 |   IconBuilding,
     | ^^^^^^^^^^^^^^^
>  8 |   IconOrganization,
     | ^^^^^^^^^^^^^^^^^^^
>  9 | } from '@tabler/icons-react';
     | ^^^^^^^^^^^^^^^^^^^^^^^^^^^^^
  10 | import { useRegisterNavigationGroup,...
  11 |
  12 | export function AdminNavigationRegis...

The export IconOrganization was not found in module [project]/node_modules/@tabler/icons-react/dist/esm/tabler-icons-react.mjs [app-client] (ecmascript).
Did you mean to import IconTransitionTop?
All exports of the module are statically known (It doesn't have dynamic exports). So it's known statically that the requested export doesn't exist.

Import traces:
  Client Component Browser:
    ./app/(protected)/admin/admin-navigation-registrar.tsx [Client Component Browser]
    ./app/(protected)/layout.tsx [Client Component Browser]
    ./app/(protected)/layout.tsx [Server Component]

  Client Component SSR:
    ./app/(protected)/admin/admin-navigation-registrar.tsx [Client Component SSR]
    ./app/(protected)/layout.tsx [Client Component SSR]
    ./app/(protected)/layout.tsx [Server Component]


    at <unknown> (Error: ./app/(protected)/admin/admin-navigation-registrar.tsx:3:1)
    at Object.getCompilationErrors (file:///home/ringo/Projects/whity-core/web/node_modules/next/dist/server/dev/hot-reloader-turbopack.js:1186:59)
    at DevBundlerService.getCompilationError (file:///home/ringo/Projects/whity-core/web/node_modules/next/dist/server/lib/dev-bundler-service.js:44:55)
    at DevServer.getCompilationError (file:///home/ringo/Projects/whity-core/web/node_modules/next/dist/server/dev/next-dev-server.js:720:42)
    at DevServer.findPageComponents (file:///home/ringo/Projects/whity-core/web/node_modules/next/dist/server/dev/next-dev-server.js:690:43)
    at async DevServer.renderErrorToResponseImpl (file:///home/ringo/Projects/whity-core/web/node_modules/next/dist/server/base-server.js:1753:26)
[      67ms] [LOG] [HMR] connected @ http://localhost:3000/_next/static/chunks/node_modules_next_dist_0u_w_5s._.js:1226
[      69ms] [ERROR] ./app/(protected)/admin/admin-navigation-registrar.tsx:3:1
Export IconOrganization doesn't exist in target module
   1 | 'use client';
   2 |
>  3 | import {
     | ^^^^^^^
>  4 |   IconDashboard,
     | ^^^^^^^^^^^^^^^^
>  5 |   IconUsers,
     | ^^^^^^^^^^^^
>  6 |   IconLock,
     | ^^^^^^^^^^^
>  7 |   IconBuilding,
     | ^^^^^^^^^^^^^^^
>  8 |   IconOrganization,
     | ^^^^^^^^^^^^^^^^^^^
>  9 | } from '@tabler/icons-react';
     | ^^^^^^^^^^^^^^^^^^^^^^^^^^^^^
  10 | import { useRegisterNavigationGroup,...
  11 |
  12 | export function AdminNavigationRegis...

The export IconOrganization was not found in module [project]/node_modules/@tabler/icons-react/dist/esm/tabler-icons-react.mjs [app-client] (ecmascript).
Did you mean to import IconTransitionTop?
All exports of the module are statically known (It doesn't have dynamic exports). So it's known statically that the requested export doesn't exist.

Import traces:
  Client Component Browser:
    ./app/(protected)/admin/admin-navigation-registrar.tsx [Client Component Browser]
    ./app/(protected)/layout.tsx [Client Component Browser]
    ./app/(protected)/layout.tsx [Server Component]

  Client Component SSR:
    ./app/(protected)/admin/admin-navigation-registrar.tsx [Client Component SSR]
    ./app/(protected)/layout.tsx [Client Component SSR]
    ./app/(protected)/layout.tsx [Server Component] @ http://localhost:3000/_next/static/chunks/node_modules_next_dist_0u_w_5s._.js:1945
[      69ms] [ERROR] ./app/(protected)/admin/admin-navigation-registrar.tsx:3:1
Export IconOrganization doesn't exist in target module
   1 | 'use client';
   2 |
>  3 | import {
     | ^^^^^^^
>  4 |   IconDashboard,
     | ^^^^^^^^^^^^^^^^
>  5 |   IconUsers,
     | ^^^^^^^^^^^^
>  6 |   IconLock,
     | ^^^^^^^^^^^
>  7 |   IconBuilding,
     | ^^^^^^^^^^^^^^^
>  8 |   IconOrganization,
     | ^^^^^^^^^^^^^^^^^^^
>  9 | } from '@tabler/icons-react';
     | ^^^^^^^^^^^^^^^^^^^^^^^^^^^^^
  10 | import { useRegisterNavigationGroup,...
  11 |
  12 | export function AdminNavigationRegis...

The export IconOrganization was not found in module [project]/node_modules/@tabler/icons-react/dist/esm/tabler-icons-react.mjs [app-ssr] (ecmascript).
Did you mean to import IconTransitionTop?
All exports of the module are statically known (It doesn't have dynamic exports). So it's known statically that the requested export doesn't exist.

Import traces:
  Client Component Browser:
    ./app/(protected)/admin/admin-navigation-registrar.tsx [Client Component Browser]
    ./app/(protected)/layout.tsx [Client Component Browser]
    ./app/(protected)/layout.tsx [Server Component]

  Client Component SSR:
    ./app/(protected)/admin/admin-navigation-registrar.tsx [Client Component SSR]
    ./app/(protected)/layout.tsx [Client Component SSR]
    ./app/(protected)/layout.tsx [Server Component] @ http://localhost:3000/_next/static/chunks/node_modules_next_dist_0u_w_5s._.js:1945
[     107ms] [ERROR] ./app/(protected)/admin/admin-navigation-registrar.tsx:3:1
Export IconOrganization doesn't exist in target module
   1 | 'use client';
   2 |
>  3 | import {
     | ^^^^^^^
>  4 |   IconDashboard,
     | ^^^^^^^^^^^^^^^^
>  5 |   IconUsers,
     | ^^^^^^^^^^^^
>  6 |   IconLock,
     | ^^^^^^^^^^^
>  7 |   IconBuilding,
     | ^^^^^^^^^^^^^^^
>  8 |   IconOrganization,
     | ^^^^^^^^^^^^^^^^^^^
>  9 | } from '@tabler/icons-react';
     | ^^^^^^^^^^^^^^^^^^^^^^^^^^^^^
  10 | import { useRegisterNavigationGroup,...
  11 |
  12 | export function AdminNavigationRegis...

The export IconOrganization was not found in module [project]/node_modules/@tabler/icons-react/dist/esm/tabler-icons-react.mjs [app-client] (ecmascript).
Did you mean to import IconTransitionTop?
All exports of the module are statically known (It doesn't have dynamic exports). So it's known statically that the requested export doesn't exist.

Import traces:
  Client Component Browser:
    ./app/(protected)/admin/admin-navigation-registrar.tsx [Client Component Browser]
    ./app/(protected)/layout.tsx [Client Component Browser]
    ./app/(protected)/layout.tsx [Server Component]

  Client Component SSR:
    ./app/(protected)/admin/admin-navigation-registrar.tsx [Client Component SSR]
    ./app/(protected)/layout.tsx [Client Component SSR]
    ./app/(protected)/layout.tsx [Server Component] @ http://localhost:3000/_next/static/chunks/node_modules_next_dist_0u_w_5s._.js:1945
[     108ms] [ERROR] ./app/(protected)/admin/admin-navigation-registrar.tsx:3:1
Export IconOrganization doesn't exist in target module
   1 | 'use client';
   2 |
>  3 | import {
     | ^^^^^^^
>  4 |   IconDashboard,
     | ^^^^^^^^^^^^^^^^
>  5 |   IconUsers,
     | ^^^^^^^^^^^^
>  6 |   IconLock,
     | ^^^^^^^^^^^
>  7 |   IconBuilding,
     | ^^^^^^^^^^^^^^^
>  8 |   IconOrganization,
     | ^^^^^^^^^^^^^^^^^^^
>  9 | } from '@tabler/icons-react';
     | ^^^^^^^^^^^^^^^^^^^^^^^^^^^^^
  10 | import { useRegisterNavigationGroup,...
  11 |
  12 | export function AdminNavigationRegis...

The export IconOrganization was not found in module [project]/node_modules/@tabler/icons-react/dist/esm/tabler-icons-react.mjs [app-ssr] (ecmascript).
Did you mean to import IconTransitionTop?
All exports of the module are statically known (It doesn't have dynamic exports). So it's known statically that the requested export doesn't exist.

Import traces:
  Client Component Browser:
    ./app/(protected)/admin/admin-navigation-registrar.tsx [Client Component Browser]
    ./app/(protected)/layout.tsx [Client Component Browser]
    ./app/(protected)/layout.tsx [Server Component]

  Client Component SSR:
    ./app/(protected)/admin/admin-navigation-registrar.tsx [Client Component SSR]
    ./app/(protected)/layout.tsx [Client Component SSR]
    ./app/(protected)/layout.tsx [Server Component] @ http://localhost:3000/_next/static/chunks/node_modules_next_dist_0u_w_5s._.js:1945
[     171ms] [LOG] [Fast Refresh] rebuilding @ http://localhost:3000/_next/static/chunks/node_modules_next_dist_0u_w_5s._.js:1226
[   16430ms] [ERROR] ./app/(protected)/admin/admin-navigation-registrar.tsx:3:1
Export IconOrganization doesn't exist in target module
   1 | 'use client';
   2 |
>  3 | import {
     | ^^^^^^^
>  4 |   IconDashboard,
     | ^^^^^^^^^^^^^^^^
>  5 |   IconUsers,
     | ^^^^^^^^^^^^
>  6 |   IconLock,
     | ^^^^^^^^^^^
>  7 |   IconBuilding,
     | ^^^^^^^^^^^^^^^
>  8 |   IconOrganization,
     | ^^^^^^^^^^^^^^^^^^^
>  9 | } from '@tabler/icons-react';
     | ^^^^^^^^^^^^^^^^^^^^^^^^^^^^^
  10 | import { useRegisterNavigationGroup,...
  11 |
  12 | export function AdminNavigationRegis...

The export IconOrganization was not found in module [project]/node_modules/@tabler/icons-react/dist/esm/tabler-icons-react.mjs [app-client] (ecmascript).
Did you mean to import IconTransitionTop?
All exports of the module are statically known (It doesn't have dynamic exports). So it's known statically that the requested export doesn't exist.

Import traces:
  Client Component Browser:
    ./app/(protected)/admin/admin-navigation-registrar.tsx [Client Component Browser]
    ./app/(protected)/layout.tsx [Client Component Browser]
    ./app/(protected)/layout.tsx [Server Component]

  Client Component SSR:
    ./app/(protected)/admin/admin-navigation-registrar.tsx [Client Component SSR]
    ./app/(protected)/layout.tsx [Client Component SSR]
    ./app/(protected)/layout.tsx [Server Component] @ http://localhost:3000/_next/static/chunks/node_modules_next_dist_0u_w_5s._.js:1945
[   16430ms] [ERROR] ./app/(protected)/admin/admin-navigation-registrar.tsx:3:1
Export IconOrganization doesn't exist in target module
   1 | 'use client';
   2 |
>  3 | import {
     | ^^^^^^^
>  4 |   IconDashboard,
     | ^^^^^^^^^^^^^^^^
>  5 |   IconUsers,
     | ^^^^^^^^^^^^
>  6 |   IconLock,
     | ^^^^^^^^^^^
>  7 |   IconBuilding,
     | ^^^^^^^^^^^^^^^
>  8 |   IconOrganization,
     | ^^^^^^^^^^^^^^^^^^^
>  9 | } from '@tabler/icons-react';
     | ^^^^^^^^^^^^^^^^^^^^^^^^^^^^^
  10 | import { useRegisterNavigationGroup,...
  11 |
  12 | export function AdminNavigationRegis...

The export IconOrganization was not found in module [project]/node_modules/@tabler/icons-react/dist/esm/tabler-icons-react.mjs [app-ssr] (ecmascript).
Did you mean to import IconTransitionTop?
All exports of the module are statically known (It doesn't have dynamic exports). So it's known statically that the requested export doesn't exist.

Import traces:
  Client Component Browser:
    ./app/(protected)/admin/admin-navigation-registrar.tsx [Client Component Browser]
    ./app/(protected)/layout.tsx [Client Component Browser]
    ./app/(protected)/layout.tsx [Server Component]

  Client Component SSR:
    ./app/(protected)/admin/admin-navigation-registrar.tsx [Client Component SSR]
    ./app/(protected)/layout.tsx [Client Component SSR]
    ./app/(protected)/layout.tsx [Server Component] @ http://localhost:3000/_next/static/chunks/node_modules_next_dist_0u_w_5s._.js:1945
[   16531ms] [LOG] [Fast Refresh] rebuilding @ http://localhost:3000/_next/static/chunks/node_modules_next_dist_0u_w_5s._.js:1226
[   17223ms] [LOG] [Fast Refresh] done in 632ms @ http://localhost:3000/_next/static/chunks/node_modules_next_dist_0u_w_5s._.js:1226
[   17558ms] [INFO] %cDownload the React DevTools for a better development experience: https://react.dev/link/react-devtools font-weight:bold @ http://localhost:3000/_next/static/chunks/node_modules_next_dist_115brz8._.js:2477
[   17582ms] [LOG] [HMR] connected @ http://localhost:3000/_next/static/chunks/node_modules_next_dist_115brz8._.js:2477
[   17617ms] ReferenceError: IconOrganization is not defined
    at AdminNavigationRegistrar (http://localhost:3000/_next/static/chunks/_0mogq.a._.js:467:15)
    at Object.react_stack_bottom_frame (http://localhost:3000/_next/static/chunks/node_modules_next_dist_compiled_react-dom_058-ah~._.js:15037:24)
    at renderWithHooks (http://localhost:3000/_next/static/chunks/node_modules_next_dist_compiled_react-dom_058-ah~._.js:4620:24)
    at updateFunctionComponent (http://localhost:3000/_next/static/chunks/node_modules_next_dist_compiled_react-dom_058-ah~._.js:6081:21)
    at beginWork (http://localhost:3000/_next/static/chunks/node_modules_next_dist_compiled_react-dom_058-ah~._.js:6691:24)
    at runWithFiberInDEV (http://localhost:3000/_next/static/chunks/node_modules_next_dist_compiled_react-dom_058-ah~._.js:965:74)
    at performUnitOfWork (http://localhost:3000/_next/static/chunks/node_modules_next_dist_compiled_react-dom_058-ah~._.js:9555:97)
    at workLoopSync (http://localhost:3000/_next/static/chunks/node_modules_next_dist_compiled_react-dom_058-ah~._.js:9449:40)
    at renderRootSync (http://localhost:3000/_next/static/chunks/node_modules_next_dist_compiled_react-dom_058-ah~._.js:9433:13)
    at performWorkOnRoot (http://localhost:3000/_next/static/chunks/node_modules_next_dist_compiled_react-dom_058-ah~._.js:9098:47)
    at performWorkOnRootViaSchedulerTask (http://localhost:3000/_next/static/chunks/node_modules_next_dist_compiled_react-dom_058-ah~._.js:10255:9)
    at MessagePort.performWorkUntilDeadline (http://localhost:3000/_next/static/chunks/node_modules_next_dist_compiled_0rpq4pf._.js:2647:64)
