[      96ms] [INFO] %cDownload the React DevTools for a better development experience: https://react.dev/link/react-devtools font-weight:bold @ http://localhost:3000/_next/static/chunks/node_modules_next_dist_115brz8._.js:2477
[     112ms] [LOG] [HMR] connected @ http://localhost:3000/_next/static/chunks/node_modules_next_dist_115brz8._.js:2477
[    4020ms] [LOG] [Fast Refresh] rebuilding @ http://localhost:3000/_next/static/chunks/node_modules_next_dist_115brz8._.js:2477
[    4081ms] [LOG] [Fast Refresh] done in 162ms @ http://localhost:3000/_next/static/chunks/node_modules_next_dist_115brz8._.js:2477
[   78146ms] [LOG] [Fast Refresh] rebuilding @ http://localhost:3000/_next/static/chunks/node_modules_next_dist_115brz8._.js:2477
[   78179ms] [WARNING] [Fast Refresh] performing full reload

Fast Refresh will perform a full reload when you edit a file that's imported by modules outside of the React rendering tree.
You might have a file which exports a React component but also exports a value that is imported by a non-React component file.
Consider migrating the non-React component export to a separate file and importing it into both files.

It is also possible the parent component of the component you edited is a class component, which disables Fast Refresh.
Fast Refresh requires at least one parent function component in your React tree. @ http://localhost:3000/_next/static/chunks/node_modules_next_dist_115brz8._.js:2477
[   78353ms] [ERROR] ./app/(protected)/admin/admin-navigation-registrar.tsx:11:1
Export useRegisterNavigation doesn't exist in target module
   9 | ...
  10 | ...
> 11 | ...Group, useRegisterNavigation } fr...
     |    ^^^^^^^^^^^^^^^^^^^^^^^^^^^^^^^^^^^^
  12 | ...
  13 | ...nRegistrar() {
  14 | ...infinite loops

The export useRegisterNavigation was not found in module [project]/lib/navigation-context.tsx [app-client] (ecmascript).
Did you mean to import useNavigation?
All exports of the module are statically known (It doesn't have dynamic exports). So it's known statically that the requested export doesn't exist.

Import traces:
  Client Component Browser:
    ./app/(protected)/admin/admin-navigation-registrar.tsx [Client Component Browser]
    ./app/(protected)/layout.tsx [Client Component Browser]
    ./app/(protected)/layout.tsx [Server Component]

  Client Component SSR:
    ./app/(protected)/admin/admin-navigation-registrar.tsx [Client Component SSR]
    ./app/(protected)/layout.tsx [Client Component SSR]
    ./app/(protected)/layout.tsx [Server Component] @ http://localhost:3000/_next/static/chunks/node_modules_next_dist_115brz8._.js:3318
[   78353ms] [ERROR] ./app/(protected)/admin/admin-navigation-registrar.tsx:11:1
Export useRegisterNavigation doesn't exist in target module
   9 | ...
  10 | ...
> 11 | ...Group, useRegisterNavigation } fr...
     |    ^^^^^^^^^^^^^^^^^^^^^^^^^^^^^^^^^^^^
  12 | ...
  13 | ...nRegistrar() {
  14 | ...infinite loops

The export useRegisterNavigation was not found in module [project]/lib/navigation-context.tsx [app-ssr] (ecmascript).
Did you mean to import useNavigation?
All exports of the module are statically known (It doesn't have dynamic exports). So it's known statically that the requested export doesn't exist.

Import traces:
  Client Component Browser:
    ./app/(protected)/admin/admin-navigation-registrar.tsx [Client Component Browser]
    ./app/(protected)/layout.tsx [Client Component Browser]
    ./app/(protected)/layout.tsx [Server Component]

  Client Component SSR:
    ./app/(protected)/admin/admin-navigation-registrar.tsx [Client Component SSR]
    ./app/(protected)/layout.tsx [Client Component SSR]
    ./app/(protected)/layout.tsx [Server Component] @ http://localhost:3000/_next/static/chunks/node_modules_next_dist_115brz8._.js:3318
[   78353ms] [ERROR] ./app/(protected)/admin/admin-navigation-registrar.tsx:11:1
Export useRegisterNavigationGroup doesn't exist in target module
   9 | ...
  10 | ...
> 11 | ...Group, useRegisterNavigation } fr...
     |    ^^^^^^^^^^^^^^^^^^^^^^^^^^^^^^^^^^^^
  12 | ...
  13 | ...nRegistrar() {
  14 | ...infinite loops

The export useRegisterNavigationGroup was not found in module [project]/lib/navigation-context.tsx [app-client] (ecmascript).
Did you mean to import useNavigation?
All exports of the module are statically known (It doesn't have dynamic exports). So it's known statically that the requested export doesn't exist.

Import traces:
  Client Component Browser:
    ./app/(protected)/admin/admin-navigation-registrar.tsx [Client Component Browser]
    ./app/(protected)/layout.tsx [Client Component Browser]
    ./app/(protected)/layout.tsx [Server Component]

  Client Component SSR:
    ./app/(protected)/admin/admin-navigation-registrar.tsx [Client Component SSR]
    ./app/(protected)/layout.tsx [Client Component SSR]
    ./app/(protected)/layout.tsx [Server Component] @ http://localhost:3000/_next/static/chunks/node_modules_next_dist_115brz8._.js:3318
[   78354ms] [ERROR] ./app/(protected)/admin/admin-navigation-registrar.tsx:11:1
Export useRegisterNavigationGroup doesn't exist in target module
   9 | ...
  10 | ...
> 11 | ...Group, useRegisterNavigation } fr...
     |    ^^^^^^^^^^^^^^^^^^^^^^^^^^^^^^^^^^^^
  12 | ...
  13 | ...nRegistrar() {
  14 | ...infinite loops

The export useRegisterNavigationGroup was not found in module [project]/lib/navigation-context.tsx [app-ssr] (ecmascript).
Did you mean to import useNavigation?
All exports of the module are statically known (It doesn't have dynamic exports). So it's known statically that the requested export doesn't exist.

Import traces:
  Client Component Browser:
    ./app/(protected)/admin/admin-navigation-registrar.tsx [Client Component Browser]
    ./app/(protected)/layout.tsx [Client Component Browser]
    ./app/(protected)/layout.tsx [Server Component]

  Client Component SSR:
    ./app/(protected)/admin/admin-navigation-registrar.tsx [Client Component SSR]
    ./app/(protected)/layout.tsx [Client Component SSR]
    ./app/(protected)/layout.tsx [Server Component] @ http://localhost:3000/_next/static/chunks/node_modules_next_dist_115brz8._.js:3318
[   78355ms] [ERROR] Failed to load resource: the server responded with a status of 500 (Internal Server Error) @ http://localhost:3000/dashboard:0
[   78414ms] [INFO] %cDownload the React DevTools for a better development experience: https://react.dev/link/react-devtools font-weight:bold @ http://localhost:3000/_next/static/chunks/node_modules_react-dom_0bruynb._.js:15305
[   78429ms] Error: ./app/(protected)/admin/admin-navigation-registrar.tsx:11:1
Export useRegisterNavigation doesn't exist in target module
   9 | ...
  10 | ...
> 11 | ...Group, useRegisterNavigation } fr...
     |    ^^^^^^^^^^^^^^^^^^^^^^^^^^^^^^^^^^^^
  12 | ...
  13 | ...nRegistrar() {
  14 | ...infinite loops

The export useRegisterNavigation was not found in module [project]/lib/navigation-context.tsx [app-client] (ecmascript).
Did you mean to import useNavigation?
All exports of the module are statically known (It doesn't have dynamic exports). So it's known statically that the requested export doesn't exist.

Import traces:
  Client Component Browser:
    ./app/(protected)/admin/admin-navigation-registrar.tsx [Client Component Browser]
    ./app/(protected)/layout.tsx [Client Component Browser]
    ./app/(protected)/layout.tsx [Server Component]

  Client Component SSR:
    ./app/(protected)/admin/admin-navigation-registrar.tsx [Client Component SSR]
    ./app/(protected)/layout.tsx [Client Component SSR]
    ./app/(protected)/layout.tsx [Server Component]


    at <unknown> (Error: ./app/(protected)/admin/admin-navigation-registrar.tsx:11:1)
    at Object.getCompilationErrors (file:///home/ringo/Projects/whity-core/web/node_modules/next/dist/server/dev/hot-reloader-turbopack.js:1186:59)
    at DevBundlerService.getCompilationError (file:///home/ringo/Projects/whity-core/web/node_modules/next/dist/server/lib/dev-bundler-service.js:44:55)
    at DevServer.getCompilationError (file:///home/ringo/Projects/whity-core/web/node_modules/next/dist/server/dev/next-dev-server.js:720:42)
    at DevServer.findPageComponents (file:///home/ringo/Projects/whity-core/web/node_modules/next/dist/server/dev/next-dev-server.js:690:43)
    at async DevServer.renderErrorToResponseImpl (file:///home/ringo/Projects/whity-core/web/node_modules/next/dist/server/base-server.js:1753:26)
[   78440ms] [LOG] [HMR] connected @ http://localhost:3000/_next/static/chunks/node_modules_next_dist_0u_w_5s._.js:1226
[   78473ms] [ERROR] ./app/(protected)/admin/admin-navigation-registrar.tsx:11:1
Export useRegisterNavigation doesn't exist in target module
   9 | ...
  10 | ...
> 11 | ...Group, useRegisterNavigation } fr...
     |    ^^^^^^^^^^^^^^^^^^^^^^^^^^^^^^^^^^^^
  12 | ...
  13 | ...nRegistrar() {
  14 | ...infinite loops

The export useRegisterNavigation was not found in module [project]/lib/navigation-context.tsx [app-client] (ecmascript).
Did you mean to import useNavigation?
All exports of the module are statically known (It doesn't have dynamic exports). So it's known statically that the requested export doesn't exist.

Import traces:
  Client Component Browser:
    ./app/(protected)/admin/admin-navigation-registrar.tsx [Client Component Browser]
    ./app/(protected)/layout.tsx [Client Component Browser]
    ./app/(protected)/layout.tsx [Server Component]

  Client Component SSR:
    ./app/(protected)/admin/admin-navigation-registrar.tsx [Client Component SSR]
    ./app/(protected)/layout.tsx [Client Component SSR]
    ./app/(protected)/layout.tsx [Server Component] @ http://localhost:3000/_next/static/chunks/node_modules_next_dist_0u_w_5s._.js:1945
[   78473ms] [ERROR] ./app/(protected)/admin/admin-navigation-registrar.tsx:11:1
Export useRegisterNavigation doesn't exist in target module
   9 | ...
  10 | ...
> 11 | ...Group, useRegisterNavigation } fr...
     |    ^^^^^^^^^^^^^^^^^^^^^^^^^^^^^^^^^^^^
  12 | ...
  13 | ...nRegistrar() {
  14 | ...infinite loops

The export useRegisterNavigation was not found in module [project]/lib/navigation-context.tsx [app-ssr] (ecmascript).
Did you mean to import useNavigation?
All exports of the module are statically known (It doesn't have dynamic exports). So it's known statically that the requested export doesn't exist.

Import traces:
  Client Component Browser:
    ./app/(protected)/admin/admin-navigation-registrar.tsx [Client Component Browser]
    ./app/(protected)/layout.tsx [Client Component Browser]
    ./app/(protected)/layout.tsx [Server Component]

  Client Component SSR:
    ./app/(protected)/admin/admin-navigation-registrar.tsx [Client Component SSR]
    ./app/(protected)/layout.tsx [Client Component SSR]
    ./app/(protected)/layout.tsx [Server Component] @ http://localhost:3000/_next/static/chunks/node_modules_next_dist_0u_w_5s._.js:1945
[   78473ms] [ERROR] ./app/(protected)/admin/admin-navigation-registrar.tsx:11:1
Export useRegisterNavigationGroup doesn't exist in target module
   9 | ...
  10 | ...
> 11 | ...Group, useRegisterNavigation } fr...
     |    ^^^^^^^^^^^^^^^^^^^^^^^^^^^^^^^^^^^^
  12 | ...
  13 | ...nRegistrar() {
  14 | ...infinite loops

The export useRegisterNavigationGroup was not found in module [project]/lib/navigation-context.tsx [app-client] (ecmascript).
Did you mean to import useNavigation?
All exports of the module are statically known (It doesn't have dynamic exports). So it's known statically that the requested export doesn't exist.

Import traces:
  Client Component Browser:
    ./app/(protected)/admin/admin-navigation-registrar.tsx [Client Component Browser]
    ./app/(protected)/layout.tsx [Client Component Browser]
    ./app/(protected)/layout.tsx [Server Component]

  Client Component SSR:
    ./app/(protected)/admin/admin-navigation-registrar.tsx [Client Component SSR]
    ./app/(protected)/layout.tsx [Client Component SSR]
    ./app/(protected)/layout.tsx [Server Component] @ http://localhost:3000/_next/static/chunks/node_modules_next_dist_0u_w_5s._.js:1945
[   78473ms] [ERROR] ./app/(protected)/admin/admin-navigation-registrar.tsx:11:1
Export useRegisterNavigationGroup doesn't exist in target module
   9 | ...
  10 | ...
> 11 | ...Group, useRegisterNavigation } fr...
     |    ^^^^^^^^^^^^^^^^^^^^^^^^^^^^^^^^^^^^
  12 | ...
  13 | ...nRegistrar() {
  14 | ...infinite loops

The export useRegisterNavigationGroup was not found in module [project]/lib/navigation-context.tsx [app-ssr] (ecmascript).
Did you mean to import useNavigation?
All exports of the module are statically known (It doesn't have dynamic exports). So it's known statically that the requested export doesn't exist.

Import traces:
  Client Component Browser:
    ./app/(protected)/admin/admin-navigation-registrar.tsx [Client Component Browser]
    ./app/(protected)/layout.tsx [Client Component Browser]
    ./app/(protected)/layout.tsx [Server Component]

  Client Component SSR:
    ./app/(protected)/admin/admin-navigation-registrar.tsx [Client Component SSR]
    ./app/(protected)/layout.tsx [Client Component SSR]
    ./app/(protected)/layout.tsx [Server Component] @ http://localhost:3000/_next/static/chunks/node_modules_next_dist_0u_w_5s._.js:1945
[   78473ms] [ERROR] ./app/(protected)/admin/admin-navigation-registrar.tsx:11:1
Export useRegisterNavigation doesn't exist in target module
   9 | ...
  10 | ...
> 11 | ...Group, useRegisterNavigation } fr...
     |    ^^^^^^^^^^^^^^^^^^^^^^^^^^^^^^^^^^^^
  12 | ...
  13 | ...nRegistrar() {
  14 | ...infinite loops

The export useRegisterNavigation was not found in module [project]/lib/navigation-context.tsx [app-client] (ecmascript).
Did you mean to import useNavigation?
All exports of the module are statically known (It doesn't have dynamic exports). So it's known statically that the requested export doesn't exist.

Import traces:
  Client Component Browser:
    ./app/(protected)/admin/admin-navigation-registrar.tsx [Client Component Browser]
    ./app/(protected)/layout.tsx [Client Component Browser]
    ./app/(protected)/layout.tsx [Server Component]

  Client Component SSR:
    ./app/(protected)/admin/admin-navigation-registrar.tsx [Client Component SSR]
    ./app/(protected)/layout.tsx [Client Component SSR]
    ./app/(protected)/layout.tsx [Server Component] @ http://localhost:3000/_next/static/chunks/node_modules_next_dist_0u_w_5s._.js:1945
[   78473ms] [ERROR] ./app/(protected)/admin/admin-navigation-registrar.tsx:11:1
Export useRegisterNavigation doesn't exist in target module
   9 | ...
  10 | ...
> 11 | ...Group, useRegisterNavigation } fr...
     |    ^^^^^^^^^^^^^^^^^^^^^^^^^^^^^^^^^^^^
  12 | ...
  13 | ...nRegistrar() {
  14 | ...infinite loops

The export useRegisterNavigation was not found in module [project]/lib/navigation-context.tsx [app-ssr] (ecmascript).
Did you mean to import useNavigation?
All exports of the module are statically known (It doesn't have dynamic exports). So it's known statically that the requested export doesn't exist.

Import traces:
  Client Component Browser:
    ./app/(protected)/admin/admin-navigation-registrar.tsx [Client Component Browser]
    ./app/(protected)/layout.tsx [Client Component Browser]
    ./app/(protected)/layout.tsx [Server Component]

  Client Component SSR:
    ./app/(protected)/admin/admin-navigation-registrar.tsx [Client Component SSR]
    ./app/(protected)/layout.tsx [Client Component SSR]
    ./app/(protected)/layout.tsx [Server Component] @ http://localhost:3000/_next/static/chunks/node_modules_next_dist_0u_w_5s._.js:1945
[   78473ms] [ERROR] ./app/(protected)/admin/admin-navigation-registrar.tsx:11:1
Export useRegisterNavigationGroup doesn't exist in target module
   9 | ...
  10 | ...
> 11 | ...Group, useRegisterNavigation } fr...
     |    ^^^^^^^^^^^^^^^^^^^^^^^^^^^^^^^^^^^^
  12 | ...
  13 | ...nRegistrar() {
  14 | ...infinite loops

The export useRegisterNavigationGroup was not found in module [project]/lib/navigation-context.tsx [app-client] (ecmascript).
Did you mean to import useNavigation?
All exports of the module are statically known (It doesn't have dynamic exports). So it's known statically that the requested export doesn't exist.

Import traces:
  Client Component Browser:
    ./app/(protected)/admin/admin-navigation-registrar.tsx [Client Component Browser]
    ./app/(protected)/layout.tsx [Client Component Browser]
    ./app/(protected)/layout.tsx [Server Component]

  Client Component SSR:
    ./app/(protected)/admin/admin-navigation-registrar.tsx [Client Component SSR]
    ./app/(protected)/layout.tsx [Client Component SSR]
    ./app/(protected)/layout.tsx [Server Component] @ http://localhost:3000/_next/static/chunks/node_modules_next_dist_0u_w_5s._.js:1945
[   78473ms] [ERROR] ./app/(protected)/admin/admin-navigation-registrar.tsx:11:1
Export useRegisterNavigationGroup doesn't exist in target module
   9 | ...
  10 | ...
> 11 | ...Group, useRegisterNavigation } fr...
     |    ^^^^^^^^^^^^^^^^^^^^^^^^^^^^^^^^^^^^
  12 | ...
  13 | ...nRegistrar() {
  14 | ...infinite loops

The export useRegisterNavigationGroup was not found in module [project]/lib/navigation-context.tsx [app-ssr] (ecmascript).
Did you mean to import useNavigation?
All exports of the module are statically known (It doesn't have dynamic exports). So it's known statically that the requested export doesn't exist.

Import traces:
  Client Component Browser:
    ./app/(protected)/admin/admin-navigation-registrar.tsx [Client Component Browser]
    ./app/(protected)/layout.tsx [Client Component Browser]
    ./app/(protected)/layout.tsx [Server Component]

  Client Component SSR:
    ./app/(protected)/admin/admin-navigation-registrar.tsx [Client Component SSR]
    ./app/(protected)/layout.tsx [Client Component SSR]
    ./app/(protected)/layout.tsx [Server Component] @ http://localhost:3000/_next/static/chunks/node_modules_next_dist_0u_w_5s._.js:1945
[   78543ms] [ERROR] ./app/(protected)/admin/admin-navigation-registrar.tsx:11:1
Export useRegisterNavigation doesn't exist in target module
   9 | ...
  10 | ...
> 11 | ...Group, useRegisterNavigation } fr...
     |    ^^^^^^^^^^^^^^^^^^^^^^^^^^^^^^^^^^^^
  12 | ...
  13 | ...nRegistrar() {
  14 | ...infinite loops

The export useRegisterNavigation was not found in module [project]/lib/navigation-context.tsx [app-client] (ecmascript).
Did you mean to import useNavigation?
All exports of the module are statically known (It doesn't have dynamic exports). So it's known statically that the requested export doesn't exist.

Import traces:
  Client Component Browser:
    ./app/(protected)/admin/admin-navigation-registrar.tsx [Client Component Browser]
    ./app/(protected)/layout.tsx [Client Component Browser]
    ./app/(protected)/layout.tsx [Server Component]

  Client Component SSR:
    ./app/(protected)/admin/admin-navigation-registrar.tsx [Client Component SSR]
    ./app/(protected)/layout.tsx [Client Component SSR]
    ./app/(protected)/layout.tsx [Server Component] @ http://localhost:3000/_next/static/chunks/node_modules_next_dist_0u_w_5s._.js:1945
[   78543ms] [ERROR] ./app/(protected)/admin/admin-navigation-registrar.tsx:11:1
Export useRegisterNavigation doesn't exist in target module
   9 | ...
  10 | ...
> 11 | ...Group, useRegisterNavigation } fr...
     |    ^^^^^^^^^^^^^^^^^^^^^^^^^^^^^^^^^^^^
  12 | ...
  13 | ...nRegistrar() {
  14 | ...infinite loops

The export useRegisterNavigation was not found in module [project]/lib/navigation-context.tsx [app-ssr] (ecmascript).
Did you mean to import useNavigation?
All exports of the module are statically known (It doesn't have dynamic exports). So it's known statically that the requested export doesn't exist.

Import traces:
  Client Component Browser:
    ./app/(protected)/admin/admin-navigation-registrar.tsx [Client Component Browser]
    ./app/(protected)/layout.tsx [Client Component Browser]
    ./app/(protected)/layout.tsx [Server Component]

  Client Component SSR:
    ./app/(protected)/admin/admin-navigation-registrar.tsx [Client Component SSR]
    ./app/(protected)/layout.tsx [Client Component SSR]
    ./app/(protected)/layout.tsx [Server Component] @ http://localhost:3000/_next/static/chunks/node_modules_next_dist_0u_w_5s._.js:1945
[   78543ms] [ERROR] ./app/(protected)/admin/admin-navigation-registrar.tsx:11:1
Export useRegisterNavigationGroup doesn't exist in target module
   9 | ...
  10 | ...
> 11 | ...Group, useRegisterNavigation } fr...
     |    ^^^^^^^^^^^^^^^^^^^^^^^^^^^^^^^^^^^^
  12 | ...
  13 | ...nRegistrar() {
  14 | ...infinite loops

The export useRegisterNavigationGroup was not found in module [project]/lib/navigation-context.tsx [app-client] (ecmascript).
Did you mean to import useNavigation?
All exports of the module are statically known (It doesn't have dynamic exports). So it's known statically that the requested export doesn't exist.

Import traces:
  Client Component Browser:
    ./app/(protected)/admin/admin-navigation-registrar.tsx [Client Component Browser]
    ./app/(protected)/layout.tsx [Client Component Browser]
    ./app/(protected)/layout.tsx [Server Component]

  Client Component SSR:
    ./app/(protected)/admin/admin-navigation-registrar.tsx [Client Component SSR]
    ./app/(protected)/layout.tsx [Client Component SSR]
    ./app/(protected)/layout.tsx [Server Component] @ http://localhost:3000/_next/static/chunks/node_modules_next_dist_0u_w_5s._.js:1945
[   78543ms] [ERROR] ./app/(protected)/admin/admin-navigation-registrar.tsx:11:1
Export useRegisterNavigationGroup doesn't exist in target module
   9 | ...
  10 | ...
> 11 | ...Group, useRegisterNavigation } fr...
     |    ^^^^^^^^^^^^^^^^^^^^^^^^^^^^^^^^^^^^
  12 | ...
  13 | ...nRegistrar() {
  14 | ...infinite loops

The export useRegisterNavigationGroup was not found in module [project]/lib/navigation-context.tsx [app-ssr] (ecmascript).
Did you mean to import useNavigation?
All exports of the module are statically known (It doesn't have dynamic exports). So it's known statically that the requested export doesn't exist.

Import traces:
  Client Component Browser:
    ./app/(protected)/admin/admin-navigation-registrar.tsx [Client Component Browser]
    ./app/(protected)/layout.tsx [Client Component Browser]
    ./app/(protected)/layout.tsx [Server Component]

  Client Component SSR:
    ./app/(protected)/admin/admin-navigation-registrar.tsx [Client Component SSR]
    ./app/(protected)/layout.tsx [Client Component SSR]
    ./app/(protected)/layout.tsx [Server Component] @ http://localhost:3000/_next/static/chunks/node_modules_next_dist_0u_w_5s._.js:1945
[   78571ms] [ERROR] ./app/(protected)/admin/admin-navigation-registrar.tsx:11:1
Export useRegisterNavigation doesn't exist in target module
   9 | ...
  10 | ...
> 11 | ...Group, useRegisterNavigation } fr...
     |    ^^^^^^^^^^^^^^^^^^^^^^^^^^^^^^^^^^^^
  12 | ...
  13 | ...nRegistrar() {
  14 | ...infinite loops

The export useRegisterNavigation was not found in module [project]/lib/navigation-context.tsx [app-client] (ecmascript).
Did you mean to import useNavigation?
All exports of the module are statically known (It doesn't have dynamic exports). So it's known statically that the requested export doesn't exist.

Import traces:
  Client Component Browser:
    ./app/(protected)/admin/admin-navigation-registrar.tsx [Client Component Browser]
    ./app/(protected)/layout.tsx [Client Component Browser]
    ./app/(protected)/layout.tsx [Server Component]

  Client Component SSR:
    ./app/(protected)/admin/admin-navigation-registrar.tsx [Client Component SSR]
    ./app/(protected)/layout.tsx [Client Component SSR]
    ./app/(protected)/layout.tsx [Server Component] @ http://localhost:3000/_next/static/chunks/node_modules_next_dist_0u_w_5s._.js:1945
[   78571ms] [ERROR] ./app/(protected)/admin/admin-navigation-registrar.tsx:11:1
Export useRegisterNavigation doesn't exist in target module
   9 | ...
  10 | ...
> 11 | ...Group, useRegisterNavigation } fr...
     |    ^^^^^^^^^^^^^^^^^^^^^^^^^^^^^^^^^^^^
  12 | ...
  13 | ...nRegistrar() {
  14 | ...infinite loops

The export useRegisterNavigation was not found in module [project]/lib/navigation-context.tsx [app-ssr] (ecmascript).
Did you mean to import useNavigation?
All exports of the module are statically known (It doesn't have dynamic exports). So it's known statically that the requested export doesn't exist.

Import traces:
  Client Component Browser:
    ./app/(protected)/admin/admin-navigation-registrar.tsx [Client Component Browser]
    ./app/(protected)/layout.tsx [Client Component Browser]
    ./app/(protected)/layout.tsx [Server Component]

  Client Component SSR:
    ./app/(protected)/admin/admin-navigation-registrar.tsx [Client Component SSR]
    ./app/(protected)/layout.tsx [Client Component SSR]
    ./app/(protected)/layout.tsx [Server Component] @ http://localhost:3000/_next/static/chunks/node_modules_next_dist_0u_w_5s._.js:1945
[   78571ms] [ERROR] ./app/(protected)/admin/admin-navigation-registrar.tsx:11:1
Export useRegisterNavigationGroup doesn't exist in target module
   9 | ...
  10 | ...
> 11 | ...Group, useRegisterNavigation } fr...
     |    ^^^^^^^^^^^^^^^^^^^^^^^^^^^^^^^^^^^^
  12 | ...
  13 | ...nRegistrar() {
  14 | ...infinite loops

The export useRegisterNavigationGroup was not found in module [project]/lib/navigation-context.tsx [app-client] (ecmascript).
Did you mean to import useNavigation?
All exports of the module are statically known (It doesn't have dynamic exports). So it's known statically that the requested export doesn't exist.

Import traces:
  Client Component Browser:
    ./app/(protected)/admin/admin-navigation-registrar.tsx [Client Component Browser]
    ./app/(protected)/layout.tsx [Client Component Browser]
    ./app/(protected)/layout.tsx [Server Component]

  Client Component SSR:
    ./app/(protected)/admin/admin-navigation-registrar.tsx [Client Component SSR]
    ./app/(protected)/layout.tsx [Client Component SSR]
    ./app/(protected)/layout.tsx [Server Component] @ http://localhost:3000/_next/static/chunks/node_modules_next_dist_0u_w_5s._.js:1945
[   78571ms] [ERROR] ./app/(protected)/admin/admin-navigation-registrar.tsx:11:1
Export useRegisterNavigationGroup doesn't exist in target module
   9 | ...
  10 | ...
> 11 | ...Group, useRegisterNavigation } fr...
     |    ^^^^^^^^^^^^^^^^^^^^^^^^^^^^^^^^^^^^
  12 | ...
  13 | ...nRegistrar() {
  14 | ...infinite loops

The export useRegisterNavigationGroup was not found in module [project]/lib/navigation-context.tsx [app-ssr] (ecmascript).
Did you mean to import useNavigation?
All exports of the module are statically known (It doesn't have dynamic exports). So it's known statically that the requested export doesn't exist.

Import traces:
  Client Component Browser:
    ./app/(protected)/admin/admin-navigation-registrar.tsx [Client Component Browser]
    ./app/(protected)/layout.tsx [Client Component Browser]
    ./app/(protected)/layout.tsx [Server Component]

  Client Component SSR:
    ./app/(protected)/admin/admin-navigation-registrar.tsx [Client Component SSR]
    ./app/(protected)/layout.tsx [Client Component SSR]
    ./app/(protected)/layout.tsx [Server Component] @ http://localhost:3000/_next/static/chunks/node_modules_next_dist_0u_w_5s._.js:1945
[   78643ms] [LOG] [Fast Refresh] rebuilding @ http://localhost:3000/_next/static/chunks/node_modules_next_dist_0u_w_5s._.js:1226
[   81948ms] [LOG] [Fast Refresh] rebuilding @ http://localhost:3000/_next/static/chunks/node_modules_next_dist_0u_w_5s._.js:1226
[   82035ms] [LOG] [Fast Refresh] done in 119ms @ http://localhost:3000/_next/static/chunks/node_modules_next_dist_0u_w_5s._.js:1226
[   82303ms] [INFO] %cDownload the React DevTools for a better development experience: https://react.dev/link/react-devtools font-weight:bold @ http://localhost:3000/_next/static/chunks/node_modules_next_dist_115brz8._.js:2477
[   82326ms] [LOG] [HMR] connected @ http://localhost:3000/_next/static/chunks/node_modules_next_dist_115brz8._.js:2477
[   82360ms] ReferenceError: AdminNavigationRegistrar is not defined
    at ProtectedLayout (http://localhost:3000/_next/static/chunks/_13malsw._.js:468:216)
    at Object.react_stack_bottom_frame (http://localhost:3000/_next/static/chunks/node_modules_next_dist_compiled_react-dom_058-ah~._.js:15037:24)
    at renderWithHooks (http://localhost:3000/_next/static/chunks/node_modules_next_dist_compiled_react-dom_058-ah~._.js:4620:24)
    at updateFunctionComponent (http://localhost:3000/_next/static/chunks/node_modules_next_dist_compiled_react-dom_058-ah~._.js:6081:21)
    at beginWork (http://localhost:3000/_next/static/chunks/node_modules_next_dist_compiled_react-dom_058-ah~._.js:6691:24)
    at runWithFiberInDEV (http://localhost:3000/_next/static/chunks/node_modules_next_dist_compiled_react-dom_058-ah~._.js:965:74)
    at performUnitOfWork (http://localhost:3000/_next/static/chunks/node_modules_next_dist_compiled_react-dom_058-ah~._.js:9555:97)
    at workLoopSync (http://localhost:3000/_next/static/chunks/node_modules_next_dist_compiled_react-dom_058-ah~._.js:9449:40)
    at renderRootSync (http://localhost:3000/_next/static/chunks/node_modules_next_dist_compiled_react-dom_058-ah~._.js:9433:13)
    at performWorkOnRoot (http://localhost:3000/_next/static/chunks/node_modules_next_dist_compiled_react-dom_058-ah~._.js:9098:47)
    at performWorkOnRootViaSchedulerTask (http://localhost:3000/_next/static/chunks/node_modules_next_dist_compiled_react-dom_058-ah~._.js:10255:9)
    at MessagePort.performWorkUntilDeadline (http://localhost:3000/_next/static/chunks/node_modules_next_dist_compiled_0rpq4pf._.js:2647:64)
[   82445ms] [ERROR] Failed to load resource: the server responded with a status of 404 (Not Found) @ http://localhost:3000/api/navigation:0
[   82446ms] [ERROR] Error fetching navigation: Error: Failed to fetch navigation
    at NavigationProvider.useEffect.fetchNavigation (http://localhost:3000/_next/static/chunks/_0ejkb5.._.js:297:49) @ http://localhost:3000/_next/static/chunks/node_modules_next_dist_115brz8._.js:3318
[   82482ms] [LOG] [Fast Refresh] rebuilding @ http://localhost:3000/_next/static/chunks/node_modules_next_dist_115brz8._.js:2477
[   82520ms] [ERROR] ./app/(protected)/layout.tsx:48:6
Unterminated regexp literal
  46 |         </main>
  47 |       </div>
> 48 |     </>
     |      ^^
  49 |   );
  50 | }
  51 |

Parsing ecmascript source code failed

Import traces:
  Client Component Browser:
    ./app/(protected)/layout.tsx [Client Component Browser]
    ./app/(protected)/layout.tsx [Server Component]

  Client Component SSR:
    ./app/(protected)/layout.tsx [Client Component SSR]
    ./app/(protected)/layout.tsx [Server Component] @ http://localhost:3000/_next/static/chunks/node_modules_next_dist_115brz8._.js:3318
[   82571ms] [ERROR] ./app/(protected)/layout.tsx:48:6
Unterminated regexp literal
  46 |         </main>
  47 |       </div>
> 48 |     </>
     |      ^^
  49 |   );
  50 | }
  51 |

Parsing ecmascript source code failed

Import traces:
  Client Component Browser:
    ./app/(protected)/layout.tsx [Client Component Browser]
    ./app/(protected)/layout.tsx [Server Component]

  Client Component SSR:
    ./app/(protected)/layout.tsx [Client Component SSR]
    ./app/(protected)/layout.tsx [Server Component] @ http://localhost:3000/_next/static/chunks/node_modules_next_dist_115brz8._.js:3318
[   82633ms] [LOG] [Fast Refresh] rebuilding @ http://localhost:3000/_next/static/chunks/node_modules_next_dist_115brz8._.js:2477
[   82815ms] [LOG] [Fast Refresh] rebuilding @ http://localhost:3000/_next/static/chunks/node_modules_next_dist_115brz8._.js:2477
[   82816ms] [WARNING] [Fast Refresh] performing full reload because your application had an unrecoverable error @ http://localhost:3000/_next/static/chunks/node_modules_next_dist_115brz8._.js:2477
[   82922ms] [INFO] %cDownload the React DevTools for a better development experience: https://react.dev/link/react-devtools font-weight:bold @ http://localhost:3000/_next/static/chunks/node_modules_next_dist_115brz8._.js:2477
[   82952ms] [LOG] [HMR] connected @ http://localhost:3000/_next/static/chunks/node_modules_next_dist_115brz8._.js:2477
[   83028ms] [ERROR] Failed to load resource: the server responded with a status of 404 (Not Found) @ http://localhost:3000/api/navigation:0
[   83028ms] [ERROR] Error fetching navigation: Error: Failed to fetch navigation
    at NavigationProvider.useEffect.fetchNavigation (http://localhost:3000/_next/static/chunks/_0ejkb5.._.js:297:49) @ http://localhost:3000/_next/static/chunks/node_modules_next_dist_115brz8._.js:3318
[   87561ms] [LOG] [Fast Refresh] rebuilding @ http://localhost:3000/_next/static/chunks/node_modules_next_dist_115brz8._.js:2477
[   87658ms] [LOG] [Fast Refresh] done in 137ms @ http://localhost:3000/_next/static/chunks/node_modules_next_dist_115brz8._.js:2477
[   87852ms] [INFO] %cDownload the React DevTools for a better development experience: https://react.dev/link/react-devtools font-weight:bold @ http://localhost:3000/_next/static/chunks/node_modules_next_dist_115brz8._.js:2477
[   87867ms] [LOG] [HMR] connected @ http://localhost:3000/_next/static/chunks/node_modules_next_dist_115brz8._.js:2477
[   87959ms] [ERROR] Failed to load resource: the server responded with a status of 404 (Not Found) @ http://localhost:3000/api/navigation:0
[   87959ms] [ERROR] Error fetching navigation: Error: Failed to fetch navigation
    at NavigationProvider.useEffect.fetchNavigation (http://localhost:3000/_next/static/chunks/_0ejkb5.._.js:297:49) @ http://localhost:3000/_next/static/chunks/node_modules_next_dist_115brz8._.js:3318
[   88066ms] [LOG] [Fast Refresh] rebuilding @ http://localhost:3000/_next/static/chunks/node_modules_next_dist_115brz8._.js:2477
[   88102ms] [LOG] [Fast Refresh] done in 136ms @ http://localhost:3000/_next/static/chunks/node_modules_next_dist_115brz8._.js:2477
[  102252ms] [LOG] [Fast Refresh] rebuilding @ http://localhost:3000/_next/static/chunks/node_modules_next_dist_115brz8._.js:2477
[  102276ms] [LOG] [Fast Refresh] done in 42ms @ http://localhost:3000/_next/static/chunks/node_modules_next_dist_115brz8._.js:2477
