[     357ms] [INFO] %cDownload the React DevTools for a better development experience: https://react.dev/link/react-devtools font-weight:bold @ http://localhost:3000/_next/static/chunks/node_modules_next_dist_115brz8._.js:2477
[     491ms] [LOG] [HMR] connected @ http://localhost:3000/_next/static/chunks/node_modules_next_dist_115brz8._.js:2477
[     727ms] [LOG] [Fast Refresh] rebuilding @ http://localhost:3000/_next/static/chunks/node_modules_next_dist_115brz8._.js:2477
[     788ms] [LOG] [Fast Refresh] done in 161ms @ http://localhost:3000/_next/static/chunks/node_modules_next_dist_115brz8._.js:2477
[     936ms] [VERBOSE] [DOM] Input elements should have autocomplete attributes (suggested: "current-password"): (More info: https://goo.gl/9p2vKq) %o @ http://localhost:3000/login:0
[  219564ms] [INFO] %cDownload the React DevTools for a better development experience: https://react.dev/link/react-devtools font-weight:bold @ http://localhost:3000/_next/static/chunks/node_modules_next_dist_115brz8._.js:2477
[  219582ms] [LOG] [HMR] connected @ http://localhost:3000/_next/static/chunks/node_modules_next_dist_115brz8._.js:2477
[  235870ms] [LOG] [Fast Refresh] rebuilding @ http://localhost:3000/_next/static/chunks/node_modules_next_dist_115brz8._.js:2477
[  235889ms] [LOG] [Fast Refresh] done in 113ms @ http://localhost:3000/_next/static/chunks/node_modules_next_dist_115brz8._.js:2477
[  238893ms] [LOG] [Fast Refresh] rebuilding @ http://localhost:3000/_next/static/chunks/node_modules_next_dist_115brz8._.js:2477
[  242485ms] [ERROR] ./app/(protected)/admin/admin-navigation-registrar.tsx:3:1
Export IconOrganization doesn't exist in target module
   1 | 'use client';
   2 |
>  3 | import {
     | ^^^^^^^
>  4 |   IconDashboard,
     | ^^^^^^^^^^^^^^^^
>  5 |   IconUsers,
     | ^^^^^^^^^^^^
>  6 |   IconLock,
     | ^^^^^^^^^^^
>  7 |   IconBuilding,
     | ^^^^^^^^^^^^^^^
>  8 |   IconOrganization,
     | ^^^^^^^^^^^^^^^^^^^
>  9 | } from '@tabler/icons-react';
     | ^^^^^^^^^^^^^^^^^^^^^^^^^^^^^
  10 | import { useRegisterNavigationGroup,...
  11 |
  12 | export function AdminNavigationRegis...

The export IconOrganization was not found in module [project]/node_modules/@tabler/icons-react/dist/esm/tabler-icons-react.mjs [app-client] (ecmascript).
Did you mean to import IconTransitionTop?
All exports of the module are statically known (It doesn't have dynamic exports). So it's known statically that the requested export doesn't exist.

Import traces:
  Client Component Browser:
    ./app/(protected)/admin/admin-navigation-registrar.tsx [Client Component Browser]
    ./app/(protected)/layout.tsx [Client Component Browser]
    ./app/(protected)/layout.tsx [Server Component]

  Client Component SSR:
    ./app/(protected)/admin/admin-navigation-registrar.tsx [Client Component SSR]
    ./app/(protected)/layout.tsx [Client Component SSR]
    ./app/(protected)/layout.tsx [Server Component] @ http://localhost:3000/_next/static/chunks/node_modules_next_dist_115brz8._.js:3318
[  242488ms] [ERROR] ./app/(protected)/admin/admin-navigation-registrar.tsx:3:1
Export IconOrganization doesn't exist in target module
   1 | 'use client';
   2 |
>  3 | import {
     | ^^^^^^^
>  4 |   IconDashboard,
     | ^^^^^^^^^^^^^^^^
>  5 |   IconUsers,
     | ^^^^^^^^^^^^
>  6 |   IconLock,
     | ^^^^^^^^^^^
>  7 |   IconBuilding,
     | ^^^^^^^^^^^^^^^
>  8 |   IconOrganization,
     | ^^^^^^^^^^^^^^^^^^^
>  9 | } from '@tabler/icons-react';
     | ^^^^^^^^^^^^^^^^^^^^^^^^^^^^^
  10 | import { useRegisterNavigationGroup,...
  11 |
  12 | export function AdminNavigationRegis...

The export IconOrganization was not found in module [project]/node_modules/@tabler/icons-react/dist/esm/tabler-icons-react.mjs [app-ssr] (ecmascript).
Did you mean to import IconTransitionTop?
All exports of the module are statically known (It doesn't have dynamic exports). So it's known statically that the requested export doesn't exist.

Import traces:
  Client Component Browser:
    ./app/(protected)/admin/admin-navigation-registrar.tsx [Client Component Browser]
    ./app/(protected)/layout.tsx [Client Component Browser]
    ./app/(protected)/layout.tsx [Server Component]

  Client Component SSR:
    ./app/(protected)/admin/admin-navigation-registrar.tsx [Client Component SSR]
    ./app/(protected)/layout.tsx [Client Component SSR]
    ./app/(protected)/layout.tsx [Server Component] @ http://localhost:3000/_next/static/chunks/node_modules_next_dist_115brz8._.js:3318
[  242589ms] [LOG] [Fast Refresh] rebuilding @ http://localhost:3000/_next/static/chunks/node_modules_next_dist_115brz8._.js:2477
[  242639ms] [ERROR] ./app/(protected)/admin/admin-navigation-registrar.tsx:3:1
Export IconOrganization doesn't exist in target module
   1 | 'use client';
   2 |
>  3 | import {
     | ^^^^^^^
>  4 |   IconDashboard,
     | ^^^^^^^^^^^^^^^^
>  5 |   IconUsers,
     | ^^^^^^^^^^^^
>  6 |   IconLock,
     | ^^^^^^^^^^^
>  7 |   IconBuilding,
     | ^^^^^^^^^^^^^^^
>  8 |   IconOrganization,
     | ^^^^^^^^^^^^^^^^^^^
>  9 | } from '@tabler/icons-react';
     | ^^^^^^^^^^^^^^^^^^^^^^^^^^^^^
  10 | import { useRegisterNavigationGroup,...
  11 |
  12 | export function AdminNavigationRegis...

The export IconOrganization was not found in module [project]/node_modules/@tabler/icons-react/dist/esm/tabler-icons-react.mjs [app-client] (ecmascript).
Did you mean to import IconTransitionTop?
All exports of the module are statically known (It doesn't have dynamic exports). So it's known statically that the requested export doesn't exist.

Import traces:
  Client Component Browser:
    ./app/(protected)/admin/admin-navigation-registrar.tsx [Client Component Browser]
    ./app/(protected)/layout.tsx [Client Component Browser]
    ./app/(protected)/layout.tsx [Server Component]

  Client Component SSR:
    ./app/(protected)/admin/admin-navigation-registrar.tsx [Client Component SSR]
    ./app/(protected)/layout.tsx [Client Component SSR]
    ./app/(protected)/layout.tsx [Server Component] @ http://localhost:3000/_next/static/chunks/node_modules_next_dist_115brz8._.js:3318
[  242643ms] [ERROR] ./app/(protected)/admin/admin-navigation-registrar.tsx:3:1
Export IconOrganization doesn't exist in target module
   1 | 'use client';
   2 |
>  3 | import {
     | ^^^^^^^
>  4 |   IconDashboard,
     | ^^^^^^^^^^^^^^^^
>  5 |   IconUsers,
     | ^^^^^^^^^^^^
>  6 |   IconLock,
     | ^^^^^^^^^^^
>  7 |   IconBuilding,
     | ^^^^^^^^^^^^^^^
>  8 |   IconOrganization,
     | ^^^^^^^^^^^^^^^^^^^
>  9 | } from '@tabler/icons-react';
     | ^^^^^^^^^^^^^^^^^^^^^^^^^^^^^
  10 | import { useRegisterNavigationGroup,...
  11 |
  12 | export function AdminNavigationRegis...

The export IconOrganization was not found in module [project]/node_modules/@tabler/icons-react/dist/esm/tabler-icons-react.mjs [app-ssr] (ecmascript).
Did you mean to import IconTransitionTop?
All exports of the module are statically known (It doesn't have dynamic exports). So it's known statically that the requested export doesn't exist.

Import traces:
  Client Component Browser:
    ./app/(protected)/admin/admin-navigation-registrar.tsx [Client Component Browser]
    ./app/(protected)/layout.tsx [Client Component Browser]
    ./app/(protected)/layout.tsx [Server Component]

  Client Component SSR:
    ./app/(protected)/admin/admin-navigation-registrar.tsx [Client Component SSR]
    ./app/(protected)/layout.tsx [Client Component SSR]
    ./app/(protected)/layout.tsx [Server Component] @ http://localhost:3000/_next/static/chunks/node_modules_next_dist_115brz8._.js:3318
[  242643ms] [ERROR] Failed to load resource: the server responded with a status of 500 (Internal Server Error) @ http://localhost:3000/dashboard?_rsc=zayk0zvsKCaq0Vrr:0
[  242683ms] [ERROR] Failed to load resource: the server responded with a status of 500 (Internal Server Error) @ http://localhost:3000/dashboard?_rsc=zayk0zvsKCaq0Vrr:0
[  242701ms] [ERROR] Failed to load resource: the server responded with a status of 500 (Internal Server Error) @ http://localhost:3000/dashboard:0
[  242829ms] [INFO] %cDownload the React DevTools for a better development experience: https://react.dev/link/react-devtools font-weight:bold @ http://localhost:3000/_next/static/chunks/node_modules_react-dom_0bruynb._.js:15305
[  242885ms] Error: ./app/(protected)/admin/admin-navigation-registrar.tsx:3:1
Export IconOrganization doesn't exist in target module
   1 | 'use client';
   2 |
>  3 | import {
     | ^^^^^^^
>  4 |   IconDashboard,
     | ^^^^^^^^^^^^^^^^
>  5 |   IconUsers,
     | ^^^^^^^^^^^^
>  6 |   IconLock,
     | ^^^^^^^^^^^
>  7 |   IconBuilding,
     | ^^^^^^^^^^^^^^^
>  8 |   IconOrganization,
     | ^^^^^^^^^^^^^^^^^^^
>  9 | } from '@tabler/icons-react';
     | ^^^^^^^^^^^^^^^^^^^^^^^^^^^^^
  10 | import { useRegisterNavigationGroup,...
  11 |
  12 | export function AdminNavigationRegis...

The export IconOrganization was not found in module [project]/node_modules/@tabler/icons-react/dist/esm/tabler-icons-react.mjs [app-client] (ecmascript).
Did you mean to import IconTransitionTop?
All exports of the module are statically known (It doesn't have dynamic exports). So it's known statically that the requested export doesn't exist.

Import traces:
  Client Component Browser:
    ./app/(protected)/admin/admin-navigation-registrar.tsx [Client Component Browser]
    ./app/(protected)/layout.tsx [Client Component Browser]
    ./app/(protected)/layout.tsx [Server Component]

  Client Component SSR:
    ./app/(protected)/admin/admin-navigation-registrar.tsx [Client Component SSR]
    ./app/(protected)/layout.tsx [Client Component SSR]
    ./app/(protected)/layout.tsx [Server Component]


    at <unknown> (Error: ./app/(protected)/admin/admin-navigation-registrar.tsx:3:1)
    at Object.getCompilationErrors (file:///home/ringo/Projects/whity-core/web/node_modules/next/dist/server/dev/hot-reloader-turbopack.js:1186:59)
    at DevBundlerService.getCompilationError (file:///home/ringo/Projects/whity-core/web/node_modules/next/dist/server/lib/dev-bundler-service.js:44:55)
    at DevServer.getCompilationError (file:///home/ringo/Projects/whity-core/web/node_modules/next/dist/server/dev/next-dev-server.js:720:42)
    at DevServer.findPageComponents (file:///home/ringo/Projects/whity-core/web/node_modules/next/dist/server/dev/next-dev-server.js:690:43)
    at async DevServer.renderErrorToResponseImpl (file:///home/ringo/Projects/whity-core/web/node_modules/next/dist/server/base-server.js:1753:26)
[  242885ms] [LOG] [HMR] connected @ http://localhost:3000/_next/static/chunks/node_modules_next_dist_0u_w_5s._.js:1226
[  242887ms] [ERROR] ./app/(protected)/admin/admin-navigation-registrar.tsx:3:1
Export IconOrganization doesn't exist in target module
   1 | 'use client';
   2 |
>  3 | import {
     | ^^^^^^^
>  4 |   IconDashboard,
     | ^^^^^^^^^^^^^^^^
>  5 |   IconUsers,
     | ^^^^^^^^^^^^
>  6 |   IconLock,
     | ^^^^^^^^^^^
>  7 |   IconBuilding,
     | ^^^^^^^^^^^^^^^
>  8 |   IconOrganization,
     | ^^^^^^^^^^^^^^^^^^^
>  9 | } from '@tabler/icons-react';
     | ^^^^^^^^^^^^^^^^^^^^^^^^^^^^^
  10 | import { useRegisterNavigationGroup,...
  11 |
  12 | export function AdminNavigationRegis...

The export IconOrganization was not found in module [project]/node_modules/@tabler/icons-react/dist/esm/tabler-icons-react.mjs [app-client] (ecmascript).
Did you mean to import IconTransitionTop?
All exports of the module are statically known (It doesn't have dynamic exports). So it's known statically that the requested export doesn't exist.

Import traces:
  Client Component Browser:
    ./app/(protected)/admin/admin-navigation-registrar.tsx [Client Component Browser]
    ./app/(protected)/layout.tsx [Client Component Browser]
    ./app/(protected)/layout.tsx [Server Component]

  Client Component SSR:
    ./app/(protected)/admin/admin-navigation-registrar.tsx [Client Component SSR]
    ./app/(protected)/layout.tsx [Client Component SSR]
    ./app/(protected)/layout.tsx [Server Component] @ http://localhost:3000/_next/static/chunks/node_modules_next_dist_0u_w_5s._.js:1945
[  242888ms] [ERROR] ./app/(protected)/admin/admin-navigation-registrar.tsx:3:1
Export IconOrganization doesn't exist in target module
   1 | 'use client';
   2 |
>  3 | import {
     | ^^^^^^^
>  4 |   IconDashboard,
     | ^^^^^^^^^^^^^^^^
>  5 |   IconUsers,
     | ^^^^^^^^^^^^
>  6 |   IconLock,
     | ^^^^^^^^^^^
>  7 |   IconBuilding,
     | ^^^^^^^^^^^^^^^
>  8 |   IconOrganization,
     | ^^^^^^^^^^^^^^^^^^^
>  9 | } from '@tabler/icons-react';
     | ^^^^^^^^^^^^^^^^^^^^^^^^^^^^^
  10 | import { useRegisterNavigationGroup,...
  11 |
  12 | export function AdminNavigationRegis...

The export IconOrganization was not found in module [project]/node_modules/@tabler/icons-react/dist/esm/tabler-icons-react.mjs [app-ssr] (ecmascript).
Did you mean to import IconTransitionTop?
All exports of the module are statically known (It doesn't have dynamic exports). So it's known statically that the requested export doesn't exist.

Import traces:
  Client Component Browser:
    ./app/(protected)/admin/admin-navigation-registrar.tsx [Client Component Browser]
    ./app/(protected)/layout.tsx [Client Component Browser]
    ./app/(protected)/layout.tsx [Server Component]

  Client Component SSR:
    ./app/(protected)/admin/admin-navigation-registrar.tsx [Client Component SSR]
    ./app/(protected)/layout.tsx [Client Component SSR]
    ./app/(protected)/layout.tsx [Server Component] @ http://localhost:3000/_next/static/chunks/node_modules_next_dist_0u_w_5s._.js:1945
[  242893ms] [ERROR] ./app/(protected)/admin/admin-navigation-registrar.tsx:3:1
Export IconOrganization doesn't exist in target module
   1 | 'use client';
   2 |
>  3 | import {
     | ^^^^^^^
>  4 |   IconDashboard,
     | ^^^^^^^^^^^^^^^^
>  5 |   IconUsers,
     | ^^^^^^^^^^^^
>  6 |   IconLock,
     | ^^^^^^^^^^^
>  7 |   IconBuilding,
     | ^^^^^^^^^^^^^^^
>  8 |   IconOrganization,
     | ^^^^^^^^^^^^^^^^^^^
>  9 | } from '@tabler/icons-react';
     | ^^^^^^^^^^^^^^^^^^^^^^^^^^^^^
  10 | import { useRegisterNavigationGroup,...
  11 |
  12 | export function AdminNavigationRegis...

The export IconOrganization was not found in module [project]/node_modules/@tabler/icons-react/dist/esm/tabler-icons-react.mjs [app-client] (ecmascript).
Did you mean to import IconTransitionTop?
All exports of the module are statically known (It doesn't have dynamic exports). So it's known statically that the requested export doesn't exist.

Import traces:
  Client Component Browser:
    ./app/(protected)/admin/admin-navigation-registrar.tsx [Client Component Browser]
    ./app/(protected)/layout.tsx [Client Component Browser]
    ./app/(protected)/layout.tsx [Server Component]

  Client Component SSR:
    ./app/(protected)/admin/admin-navigation-registrar.tsx [Client Component SSR]
    ./app/(protected)/layout.tsx [Client Component SSR]
    ./app/(protected)/layout.tsx [Server Component] @ http://localhost:3000/_next/static/chunks/node_modules_next_dist_0u_w_5s._.js:1945
[  242893ms] [ERROR] ./app/(protected)/admin/admin-navigation-registrar.tsx:3:1
Export IconOrganization doesn't exist in target module
   1 | 'use client';
   2 |
>  3 | import {
     | ^^^^^^^
>  4 |   IconDashboard,
     | ^^^^^^^^^^^^^^^^
>  5 |   IconUsers,
     | ^^^^^^^^^^^^
>  6 |   IconLock,
     | ^^^^^^^^^^^
>  7 |   IconBuilding,
     | ^^^^^^^^^^^^^^^
>  8 |   IconOrganization,
     | ^^^^^^^^^^^^^^^^^^^
>  9 | } from '@tabler/icons-react';
     | ^^^^^^^^^^^^^^^^^^^^^^^^^^^^^
  10 | import { useRegisterNavigationGroup,...
  11 |
  12 | export function AdminNavigationRegis...

The export IconOrganization was not found in module [project]/node_modules/@tabler/icons-react/dist/esm/tabler-icons-react.mjs [app-ssr] (ecmascript).
Did you mean to import IconTransitionTop?
All exports of the module are statically known (It doesn't have dynamic exports). So it's known statically that the requested export doesn't exist.

Import traces:
  Client Component Browser:
    ./app/(protected)/admin/admin-navigation-registrar.tsx [Client Component Browser]
    ./app/(protected)/layout.tsx [Client Component Browser]
    ./app/(protected)/layout.tsx [Server Component]

  Client Component SSR:
    ./app/(protected)/admin/admin-navigation-registrar.tsx [Client Component SSR]
    ./app/(protected)/layout.tsx [Client Component SSR]
    ./app/(protected)/layout.tsx [Server Component] @ http://localhost:3000/_next/static/chunks/node_modules_next_dist_0u_w_5s._.js:1945
[  242955ms] [ERROR] ./app/(protected)/admin/admin-navigation-registrar.tsx:3:1
Export IconOrganization doesn't exist in target module
   1 | 'use client';
   2 |
>  3 | import {
     | ^^^^^^^
>  4 |   IconDashboard,
     | ^^^^^^^^^^^^^^^^
>  5 |   IconUsers,
     | ^^^^^^^^^^^^
>  6 |   IconLock,
     | ^^^^^^^^^^^
>  7 |   IconBuilding,
     | ^^^^^^^^^^^^^^^
>  8 |   IconOrganization,
     | ^^^^^^^^^^^^^^^^^^^
>  9 | } from '@tabler/icons-react';
     | ^^^^^^^^^^^^^^^^^^^^^^^^^^^^^
  10 | import { useRegisterNavigationGroup,...
  11 |
  12 | export function AdminNavigationRegis...

The export IconOrganization was not found in module [project]/node_modules/@tabler/icons-react/dist/esm/tabler-icons-react.mjs [app-client] (ecmascript).
Did you mean to import IconTransitionTop?
All exports of the module are statically known (It doesn't have dynamic exports). So it's known statically that the requested export doesn't exist.

Import traces:
  Client Component Browser:
    ./app/(protected)/admin/admin-navigation-registrar.tsx [Client Component Browser]
    ./app/(protected)/layout.tsx [Client Component Browser]
    ./app/(protected)/layout.tsx [Server Component]

  Client Component SSR:
    ./app/(protected)/admin/admin-navigation-registrar.tsx [Client Component SSR]
    ./app/(protected)/layout.tsx [Client Component SSR]
    ./app/(protected)/layout.tsx [Server Component] @ http://localhost:3000/_next/static/chunks/node_modules_next_dist_0u_w_5s._.js:1945
[  242955ms] [ERROR] ./app/(protected)/admin/admin-navigation-registrar.tsx:3:1
Export IconOrganization doesn't exist in target module
   1 | 'use client';
   2 |
>  3 | import {
     | ^^^^^^^
>  4 |   IconDashboard,
     | ^^^^^^^^^^^^^^^^
>  5 |   IconUsers,
     | ^^^^^^^^^^^^
>  6 |   IconLock,
     | ^^^^^^^^^^^
>  7 |   IconBuilding,
     | ^^^^^^^^^^^^^^^
>  8 |   IconOrganization,
     | ^^^^^^^^^^^^^^^^^^^
>  9 | } from '@tabler/icons-react';
     | ^^^^^^^^^^^^^^^^^^^^^^^^^^^^^
  10 | import { useRegisterNavigationGroup,...
  11 |
  12 | export function AdminNavigationRegis...

The export IconOrganization was not found in module [project]/node_modules/@tabler/icons-react/dist/esm/tabler-icons-react.mjs [app-ssr] (ecmascript).
Did you mean to import IconTransitionTop?
All exports of the module are statically known (It doesn't have dynamic exports). So it's known statically that the requested export doesn't exist.

Import traces:
  Client Component Browser:
    ./app/(protected)/admin/admin-navigation-registrar.tsx [Client Component Browser]
    ./app/(protected)/layout.tsx [Client Component Browser]
    ./app/(protected)/layout.tsx [Server Component]

  Client Component SSR:
    ./app/(protected)/admin/admin-navigation-registrar.tsx [Client Component SSR]
    ./app/(protected)/layout.tsx [Client Component SSR]
    ./app/(protected)/layout.tsx [Server Component] @ http://localhost:3000/_next/static/chunks/node_modules_next_dist_0u_w_5s._.js:1945
[  242994ms] [LOG] [Fast Refresh] rebuilding @ http://localhost:3000/_next/static/chunks/node_modules_next_dist_0u_w_5s._.js:1226
