[     125ms] [INFO] %cDownload the React DevTools for a better development experience: https://react.dev/link/react-devtools font-weight:bold @ http://localhost:3000/_next/static/chunks/063q_next_dist_0cr2any._.js:2477
[     153ms] [LOG] [HMR] connected @ http://localhost:3000/_next/static/chunks/063q_next_dist_0cr2any._.js:2477
[     382ms] [VERBOSE] [DOM] Input elements should have autocomplete attributes (suggested: "current-password"): (More info: https://goo.gl/9p2vKq) %o @ http://localhost:3000/login:0
[   24322ms] [INFO] %cDownload the React DevTools for a better development experience: https://react.dev/link/react-devtools font-weight:bold @ http://localhost:3000/_next/static/chunks/063q_next_dist_0cr2any._.js:2477
[   24358ms] [LOG] [HMR] connected @ http://localhost:3000/_next/static/chunks/063q_next_dist_0cr2any._.js:2477
[   24591ms] [VERBOSE] [DOM] Input elements should have autocomplete attributes (suggested: "current-password"): (More info: https://goo.gl/9p2vKq) %o @ http://localhost:3000/login:0
[   35814ms] [LOG] [Fast Refresh] rebuilding @ http://localhost:3000/_next/static/chunks/063q_next_dist_0cr2any._.js:2477
[   35916ms] [WARNING] [Fast Refresh] performing full reload

Fast Refresh will perform a full reload when you edit a file that's imported by modules outside of the React rendering tree.
You might have a file which exports a React component but also exports a value that is imported by a non-React component file.
Consider migrating the non-React component export to a separate file and importing it into both files.

It is also possible the parent component of the component you edited is a class component, which disables Fast Refresh.
Fast Refresh requires at least one parent function component in your React tree. @ http://localhost:3000/_next/static/chunks/063q_next_dist_0cr2any._.js:2477
[   35955ms] [VERBOSE] [DOM] Input elements should have autocomplete attributes (suggested: "current-password"): (More info: https://goo.gl/9p2vKq) %o @ http://localhost:3000/login:0
[   35972ms] [INFO] %cDownload the React DevTools for a better development experience: https://react.dev/link/react-devtools font-weight:bold @ http://localhost:3000/_next/static/chunks/063q_next_dist_0cr2any._.js:2477
[   35984ms] [LOG] [HMR] connected @ http://localhost:3000/_next/static/chunks/063q_next_dist_0cr2any._.js:2477
[   38847ms] [LOG] [Fast Refresh] rebuilding @ http://localhost:3000/_next/static/chunks/063q_next_dist_0cr2any._.js:2477
[   38848ms] [WARNING] [Fast Refresh] performing full reload

Fast Refresh will perform a full reload when you edit a file that's imported by modules outside of the React rendering tree.
You might have a file which exports a React component but also exports a value that is imported by a non-React component file.
Consider migrating the non-React component export to a separate file and importing it into both files.

It is also possible the parent component of the component you edited is a class component, which disables Fast Refresh.
Fast Refresh requires at least one parent function component in your React tree. @ http://localhost:3000/_next/static/chunks/063q_next_dist_0cr2any._.js:2477
[   38880ms] [VERBOSE] [DOM] Input elements should have autocomplete attributes (suggested: "current-password"): (More info: https://goo.gl/9p2vKq) %o @ http://localhost:3000/login:0
[   38894ms] [INFO] %cDownload the React DevTools for a better development experience: https://react.dev/link/react-devtools font-weight:bold @ http://localhost:3000/_next/static/chunks/063q_next_dist_0cr2any._.js:2477
[   38908ms] [LOG] [HMR] connected @ http://localhost:3000/_next/static/chunks/063q_next_dist_0cr2any._.js:2477
[   46255ms] [ERROR] WebSocket connection to 'ws://localhost:3000/_next/webpack-hmr?id=K1lb2YTU95JfH0a38L2PD' failed: Error in connection establishment: net::ERR_CONNECTION_REFUSED @ http://localhost:3000/_next/static/chunks/063q_next_dist_client_106e~1o._.js:13322
[   47257ms] [ERROR] WebSocket connection to 'ws://localhost:3000/_next/webpack-hmr?id=K1lb2YTU95JfH0a38L2PD' failed: Error in connection establishment: net::ERR_CONNECTION_REFUSED @ http://localhost:3000/_next/static/chunks/063q_next_dist_client_106e~1o._.js:13322
[   48258ms] [ERROR] WebSocket connection to 'ws://localhost:3000/_next/webpack-hmr?id=K1lb2YTU95JfH0a38L2PD' failed: Error in connection establishment: net::ERR_CONNECTION_REFUSED @ http://localhost:3000/_next/static/chunks/063q_next_dist_client_106e~1o._.js:13322
[   49259ms] [ERROR] WebSocket connection to 'ws://localhost:3000/_next/webpack-hmr?id=K1lb2YTU95JfH0a38L2PD' failed: Error in connection establishment: net::ERR_CONNECTION_REFUSED @ http://localhost:3000/_next/static/chunks/063q_next_dist_client_106e~1o._.js:13322
[   50261ms] [ERROR] WebSocket connection to 'ws://localhost:3000/_next/webpack-hmr?id=K1lb2YTU95JfH0a38L2PD' failed: Error in connection establishment: net::ERR_CONNECTION_REFUSED @ http://localhost:3000/_next/static/chunks/063q_next_dist_client_106e~1o._.js:13322
[   55265ms] [LOG] [HMR] connected @ http://localhost:3000/_next/static/chunks/063q_next_dist_0cr2any._.js:2477
[   55487ms] [VERBOSE] [DOM] Input elements should have autocomplete attributes (suggested: "current-password"): (More info: https://goo.gl/9p2vKq) %o @ http://localhost:3000/login:0
[   55509ms] [INFO] %cDownload the React DevTools for a better development experience: https://react.dev/link/react-devtools font-weight:bold @ http://localhost:3000/_next/static/chunks/063q_next_dist_0cr2any._.js:2477
[   55518ms] [LOG] [HMR] connected @ http://localhost:3000/_next/static/chunks/063q_next_dist_0cr2any._.js:2477
